<?xml version="1.0" encoding="UTF-8"?>
<!-- Generated by org.testng.reporters.JUnitReportReporter -->
<testsuite hostname="abhi-PC" failures="0" tests="2" name="com.automation.tests.LoginPageTest" time="39.468" errors="0" timestamp="26 May 2020 16:17:42 GMT" skipped="0">
  <testcase classname="com.automation.tests.LoginPageTest" name="loginUsingOtpTest" time="30.454"/>
  <testcase classname="com.automation.tests.LoginPageTest" name="logoutTest" time="9.014"/>
</testsuite> <!-- com.automation.tests.LoginPageTest -->
