<?xml version="1.0" encoding="UTF-8"?>
<!-- Generated by org.testng.reporters.JUnitReportReporter -->
<<<<<<< HEAD
<testsuite hostname="abhi-PC" failures="0" tests="1" name="com.automation.tests.UserProfilePageTest" time="20.133" errors="0" timestamp="10 May 2020 06:14:05 GMT" skipped="0">
  <testcase classname="com.automation.tests.UserProfilePageTest" name="verifyUserNameOnProfilePageTest" time="20.133"/>
=======
<testsuite hostname="abhi-PC" failures="0" tests="1" name="com.automation.tests.UserProfilePageTest" time="19.389" errors="0" timestamp="25 Apr 2020 13:10:55 GMT" skipped="0">
  <testcase classname="com.automation.tests.UserProfilePageTest" name="validateUserNameOnProfilePageTest" time="19.389"/>
>>>>>>> branch 'master' of https://github.com/abhi8130/AndroidAutomationProjects.git
</testsuite> <!-- com.automation.tests.UserProfilePageTest -->
