<?xml version="1.0" encoding="UTF-8"?>
<!-- Generated by org.testng.reporters.JUnitReportReporter -->
<<<<<<< HEAD
<testsuite hostname="abhi-PC" failures="0" tests="1" name="com.automation.tests.Top50PageTest" time="56.690" errors="0" timestamp="09 May 2020 10:06:12 GMT" skipped="0">
  <testcase classname="com.automation.tests.Top50PageTest" name="scrollOnTop50TabAndClickFromListTest" time="56.690"/>
=======
<testsuite hostname="abhi-PC" failures="0" tests="1" name="com.automation.tests.Top50PageTest" time="14.492" errors="0" timestamp="25 Apr 2020 13:10:55 GMT" skipped="0">
  <testcase classname="com.automation.tests.Top50PageTest" name="scrollOnTop50TabAndClickFromListTest" time="14.492"/>
>>>>>>> branch 'master' of https://github.com/abhi8130/AndroidAutomationProjects.git
</testsuite> <!-- com.automation.tests.Top50PageTest -->
