<?xml version="1.0" encoding="UTF-8"?>
<!-- Generated by org.testng.reporters.JUnitReportReporter -->
<testsuite hostname="abhi-PC" failures="0" tests="1" name="com.automation.base.BaseClass" time="5.027" errors="0" timestamp="08 Apr 2020 06:36:54 GMT" skipped="0">
  <testcase classname="com.automation.base.BaseClass" name="sampleTest" time="5.027"/>
</testsuite> <!-- com.automation.base.BaseClass -->
