<?xml version="1.0" encoding="UTF-8"?>
<!-- Generated by org.testng.reporters.JUnitReportReporter -->
<testsuite skipped="0" hostname="workstation" name="com.automation.tests.QuizuTest" tests="1" failures="0" timestamp="01 Jul 2020 16:37:28 GMT" time="2.257" errors="0">
  <testcase name="testmethod" time="2.257" classname="com.automation.tests.QuizuTest"/>
</testsuite> <!-- com.automation.tests.QuizuTest -->
